#
# There is insufficient memory for the Java Runtime Environment to continue.
# Native memory allocation (mmap) failed to map 127926272 bytes for G1 virtual space
# Possible reasons:
#   The system is out of physical RAM or swap space
#   The process is running with CompressedOops enabled, and the Java Heap may be blocking the growth of the native heap
# Possible solutions:
#   Reduce memory load on the system
#   Increase physical memory or swap space
#   Check if swap backing store is full
#   Decrease Java heap size (-Xmx/-Xms)
#   Decrease number of Java threads
#   Decrease Java thread stack sizes (-Xss)
#   Set larger code cache with -XX:ReservedCodeCacheSize=
#   JVM is running with Unscaled Compressed Oops mode in which the Java heap is
#     placed in the first 4GB address space. The Java Heap base address is the
#     maximum limit for the native heap growth. Please use -XX:HeapBaseMinAddress
#     to set the Java Heap base and to place the Java Heap above 4GB virtual address.
# This output file may be truncated or incomplete.
#
#  Out of Memory Error (os_windows.cpp:3550), pid=5180, tid=11040
#
# JRE version:  (17.0.6+9) (build )
# Java VM: Java HotSpot(TM) 64-Bit Server VM (17.0.6+9-LTS-190, mixed mode, sharing, tiered, compressed oops, compressed class ptrs, g1 gc, windows-amd64)
# No core dump will be written. Minidumps are not enabled by default on client versions of Windows
#

---------------  S U M M A R Y ------------

Command Line: -XX:+ShowCodeDetailsInExceptionMessages workshop05code.App

Host: Intel(R) Core(TM) i5-1035G4 CPU @ 1.10GHz, 8 cores, 7G,  Windows 11 , 64 bit Build 22621 (10.0.22621.1344)
Time: Mon Mar 20 11:39:36 2023 AUS Eastern Daylight Time elapsed time: 0.014423 seconds (0d 0h 0m 0s)

---------------  T H R E A D  ---------------

Current thread (0x0000019180340a20):  JavaThread "Unknown thread" [_thread_in_vm, id=11040, stack(0x0000003cc5200000,0x0000003cc5300000)]

Stack: [0x0000003cc5200000,0x0000003cc5300000]
Native frames: (J=compiled Java code, j=interpreted, Vv=VM code, C=native code)
V  [jvm.dll+0x6734ea]
V  [jvm.dll+0x7d18f4]
V  [jvm.dll+0x7d309e]
V  [jvm.dll+0x7d3703]
V  [jvm.dll+0x2433c5]
V  [jvm.dll+0x6703f9]
V  [jvm.dll+0x664d32]
V  [jvm.dll+0x300086]
V  [jvm.dll+0x307606]
V  [jvm.dll+0x356c1e]
V  [jvm.dll+0x356e4f]
V  [jvm.dll+0x2d72e8]
V  [jvm.dll+0x2d8254]
V  [jvm.dll+0x7a33b1]
V  [jvm.dll+0x3647f1]
V  [jvm.dll+0x782839]
V  [jvm.dll+0x3e757f]
V  [jvm.dll+0x3e9001]
C  [jli.dll+0x5297]
C  [ucrtbase.dll+0x29363]
C  [KERNEL32.DLL+0x126bd]
C  [ntdll.dll+0x5a9f8]


---------------  P R O C E S S  ---------------

Threads class SMR info:
_java_thread_list=0x00007ffdbbcee958, length=0, elements={
}

Java Threads: ( => current thread )

Other Threads:
  0x0000019180394530 GCTaskThread "GC Thread#0" [stack: 0x0000003cc5300000,0x0000003cc5400000] [id=16208]
  0x00000191803a57c0 ConcurrentGCThread "G1 Main Marker" [stack: 0x0000003cc5400000,0x0000003cc5500000] [id=2796]
  0x00000191803a8350 ConcurrentGCThread "G1 Conc#0" [stack: 0x0000003cc5500000,0x0000003cc5600000] [id=4372]

[error occurred during error reporting (printing all threads), id 0xc0000005, EXCEPTION_ACCESS_VIOLATION (0xc0000005) at pc=0x00007ffdbb527f07]

VM state: not at safepoint (not fully initialized)

VM Mutex/Monitor currently owned by a thread:  ([mutex/lock_event])
[0x000001918033cd50] Heap_lock - owner thread: 0x0000019180340a20

Heap address: 0x0000000086600000, size: 1946 MB, Compressed Oops mode: 32-bit

CDS archive(s) mapped at: [0x0000000000000000-0x0000000000000000-0x0000000000000000), size 0, SharedBaseAddress: 0x0000000800000000, ArchiveRelocationMode: 0.
Narrow klass base: 0x0000000000000000, Narrow klass shift: 0, Narrow klass range: 0x0

GC Precious Log:
<Empty>

Heap:
 garbage-first heap   total 0K, used 0K [0x0000000086600000, 0x0000000100000000)
  region size 1024K, 0 young (0K), 0 survivors (0K)

[error occurred during error reporting (printing heap information), id 0xc0000005, EXCEPTION_ACCESS_VIOLATION (0xc0000005) at pc=0x00007ffdbb90c759]

GC Heap History (0 events):
No events

Deoptimization events (0 events):
No events

Classes unloaded (0 events):
No events

Classes redefined (0 events):
No events

Internal exceptions (0 events):
No events

VM Operations (0 events):
No events

Events (1 events):
Event: 0.008 Loaded shared library C:\Program Files\Java\jdk-17\bin\java.dll


Dynamic libraries:
0x00007ff725430000 - 0x00007ff725440000 	C:\Program Files\Java\jdk-17\bin\java.exe
0x00007ffe2b2b0000 - 0x00007ffe2b4c4000 	C:\WINDOWS\SYSTEM32\ntdll.dll
0x00007ffe2a020000 - 0x00007ffe2a0e3000 	C:\WINDOWS\System32\KERNEL32.DLL
0x00007ffe28cb0000 - 0x00007ffe2904c000 	C:\WINDOWS\System32\KERNELBASE.dll
0x00007ffe28ae0000 - 0x00007ffe28bf1000 	C:\WINDOWS\System32\ucrtbase.dll
0x00007ffe16860000 - 0x00007ffe1687b000 	C:\Program Files\Java\jdk-17\bin\VCRUNTIME140.dll
0x00007ffe16880000 - 0x00007ffe16898000 	C:\Program Files\Java\jdk-17\bin\jli.dll
0x00007ffe2b0e0000 - 0x00007ffe2b18e000 	C:\WINDOWS\System32\ADVAPI32.dll
0x00007ffe29760000 - 0x00007ffe29807000 	C:\WINDOWS\System32\msvcrt.dll
0x00007ffe298a0000 - 0x00007ffe29944000 	C:\WINDOWS\System32\sechost.dll
0x00007ffe29ee0000 - 0x00007ffe29ff5000 	C:\WINDOWS\System32\RPCRT4.dll
0x00007ffe2af30000 - 0x00007ffe2b0dd000 	C:\WINDOWS\System32\USER32.dll
0x00007ffe15780000 - 0x00007ffe15a0e000 	C:\WINDOWS\WinSxS\amd64_microsoft.windows.common-controls_6595b64144ccf1df_6.0.22621.608_none_a9444ca7c10bb01d\COMCTL32.dll
0x00007ffe28c00000 - 0x00007ffe28c26000 	C:\WINDOWS\System32\win32u.dll
0x00007ffe299b0000 - 0x00007ffe299d9000 	C:\WINDOWS\System32\GDI32.dll
0x00007ffe28860000 - 0x00007ffe28973000 	C:\WINDOWS\System32\gdi32full.dll
0x00007ffe22520000 - 0x00007ffe2252a000 	C:\WINDOWS\SYSTEM32\VERSION.dll
0x00007ffe28980000 - 0x00007ffe28a1a000 	C:\WINDOWS\System32\msvcp_win.dll
0x00007ffe2a900000 - 0x00007ffe2a931000 	C:\WINDOWS\System32\IMM32.DLL
0x00007ffe08560000 - 0x00007ffe0856c000 	C:\Program Files\Java\jdk-17\bin\vcruntime140_1.dll
0x00007ffde5160000 - 0x00007ffde51ee000 	C:\Program Files\Java\jdk-17\bin\msvcp140.dll
0x00007ffdbb240000 - 0x00007ffdbbe17000 	C:\Program Files\Java\jdk-17\bin\server\jvm.dll
0x00007ffe2a100000 - 0x00007ffe2a108000 	C:\WINDOWS\System32\PSAPI.DLL
0x00007ffe085b0000 - 0x00007ffe085b9000 	C:\WINDOWS\SYSTEM32\WSOCK32.dll
0x00007ffe1d7f0000 - 0x00007ffe1d824000 	C:\WINDOWS\SYSTEM32\WINMM.dll
0x00007ffe29a50000 - 0x00007ffe29ac1000 	C:\WINDOWS\System32\WS2_32.dll
0x00007ffe27740000 - 0x00007ffe27758000 	C:\WINDOWS\SYSTEM32\kernel.appcore.dll
0x00007ffe08550000 - 0x00007ffe0855a000 	C:\Program Files\Java\jdk-17\bin\jimage.dll
0x00007ffe16580000 - 0x00007ffe167ae000 	C:\WINDOWS\SYSTEM32\DBGHELP.DLL
0x00007ffe29ad0000 - 0x00007ffe29e59000 	C:\WINDOWS\System32\combase.dll
0x00007ffe2b190000 - 0x00007ffe2b267000 	C:\WINDOWS\System32\OLEAUT32.dll
0x00007ffe13ce0000 - 0x00007ffe13d12000 	C:\WINDOWS\SYSTEM32\dbgcore.DLL
0x00007ffe28c30000 - 0x00007ffe28cab000 	C:\WINDOWS\System32\bcryptPrimitives.dll
0x00007ffdfb7b0000 - 0x00007ffdfb7d5000 	C:\Program Files\Java\jdk-17\bin\java.dll

dbghelp: loaded successfully - version: 4.0.5 - missing functions: none
symbol engine: initialized successfully - sym options: 0x614 - pdb path: .;C:\Program Files\Java\jdk-17\bin;C:\WINDOWS\SYSTEM32;C:\WINDOWS\WinSxS\amd64_microsoft.windows.common-controls_6595b64144ccf1df_6.0.22621.608_none_a9444ca7c10bb01d;C:\Program Files\Java\jdk-17\bin\server

VM Arguments:
jvm_args: -XX:+ShowCodeDetailsInExceptionMessages 
java_command: workshop05code.App
java_class_path (initial): C:\Users\lucas\Desktop\2023\COMP3310\workshop-5-sql-injections-and-logging-lucasly-mq\app\bin\main;C:\Users\lucas\.gradle\caches\modules-2\files-2.1\com.google.guava\guava\30.1.1-jre\87e0fd1df874ea3cbe577702fe6f17068b790fd8\guava-30.1.1-jre.jar;C:\Users\lucas\.gradle\caches\modules-2\files-2.1\org.xerial\sqlite-jdbc\3.36.0.3\7fa71c4dfab806490cb909714fb41373ec552c29\sqlite-jdbc-3.36.0.3.jar;C:\Users\lucas\.gradle\caches\modules-2\files-2.1\com.google.guava\failureaccess\1.0.1\1dcf1de382a0bf95a3d8b0849546c88bac1292c9\failureaccess-1.0.1.jar;C:\Users\lucas\.gradle\caches\modules-2\files-2.1\com.google.guava\listenablefuture\9999.0-empty-to-avoid-conflict-with-guava\b421526c5f297295adef1c886e5246c39d4ac629\listenablefuture-9999.0-empty-to-avoid-conflict-with-guava.jar;C:\Users\lucas\.gradle\caches\modules-2\files-2.1\com.google.code.findbugs\jsr305\3.0.2\25ea2e8b0c338a877313bd4672d3fe056ea78f0d\jsr305-3.0.2.jar;C:\Users\lucas\.gradle\caches\modules-2\files-2.1\org.checkerframework\checker-qual\3.8.0\6b83e4a33220272c3a08991498ba9dc09519f190\checker-qual-3.8.0.jar;C:\Users\lucas\.gradle\caches\modules-2\files-2.1\com.google.errorprone\error_prone_annotations\2.5.1\562d366678b89ce5d6b6b82c1a073880341e3fba\error_prone_annotations-2.5.1.jar;C:\Users\lucas\.gradle\caches\modules-2\files-2.1\com.google.j2objc\j2objc-annotations\1.3\ba035118bc8bac37d7eff77700720999acd9986d\j2objc-annotations-1.3.jar
Launcher Type: SUN_STANDARD

[Global flags]
     intx CICompilerCount                          = 4                                         {product} {ergonomic}
     uint ConcGCThreads                            = 2                                         {product} {ergonomic}
     uint G1ConcRefinementThreads                  = 8                                         {product} {ergonomic}
   size_t G1HeapRegionSize                         = 1048576                                   {product} {ergonomic}
    uintx GCDrainStackTargetSize                   = 64                                        {product} {ergonomic}
   size_t InitialHeapSize                          = 127926272                                 {product} {ergonomic}
   size_t MarkStackSize                            = 4194304                                   {product} {ergonomic}
   size_t MaxHeapSize                              = 2040528896                                {product} {ergonomic}
   size_t MinHeapDeltaBytes                        = 1048576                                   {product} {ergonomic}
   size_t MinHeapSize                              = 8388608                                   {product} {ergonomic}
    uintx NonNMethodCodeHeapSize                   = 5839372                                {pd product} {ergonomic}
    uintx NonProfiledCodeHeapSize                  = 122909434                              {pd product} {ergonomic}
    uintx ProfiledCodeHeapSize                     = 122909434                              {pd product} {ergonomic}
    uintx ReservedCodeCacheSize                    = 251658240                              {pd product} {ergonomic}
     bool SegmentedCodeCache                       = true                                      {product} {ergonomic}
     bool ShowCodeDetailsInExceptionMessages       = true                                   {manageable} {command line}
   size_t SoftMaxHeapSize                          = 2040528896                             {manageable} {ergonomic}
     bool UseCompressedClassPointers               = true                           {product lp64_product} {ergonomic}
     bool UseCompressedOops                        = true                           {product lp64_product} {ergonomic}
     bool UseG1GC                                  = true                                      {product} {ergonomic}
     bool UseLargePagesIndividualAllocation        = false                                  {pd product} {ergonomic}

Logging:
Log output configuration:
 #0: stdout all=warning uptime,level,tags
 #1: stderr all=off uptime,level,tags

Environment Variables:
JAVA_HOME=C:\Program Files\Java\jdk-17
PATH=C:\Program Files\Common Files\Oracle\Java\javapath;C:\WINDOWS\system32;C:\WINDOWS;C:\WINDOWS\System32\Wbem;C:\WINDOWS\System32\WindowsPowerShell\v1.0\;C:\WINDOWS\System32\OpenSSH\;C:\Program Files\Git\cmd;C:\Program Files\nodejs\;C:\Gradle\gradle-8.0\bin;C:\windows\system32;C:\windows;C:\windows\System32\Wbem;C:\windows\System32\WindowsPowerShell\v1.0\;C:\windows\System32\OpenSSH\;C:\Users\lucas\AppData\Local\Programs\Python\Python38-32\;C:\Users\lucas\AppData\Local\Microsoft\WindowsApps;C:\Users\lucas\AppData\Local\Programs\Python\Python38-32\Scripts;C:\Users\lucas\Desktop\study_time.bat;C:\Users\lucas\AppData\Local\Microsoft\WindowsApps;C:\Program Files (x86)\Nmap;C:\Users\lucas\AppData\Roaming\npm;C:\Users\lucas\AppData\Local\Programs\Microsoft VS Code\bin
USERNAME=lucas
LANG=en_US.UTF-8
OS=Windows_NT
PROCESSOR_IDENTIFIER=Intel64 Family 6 Model 126 Stepping 5, GenuineIntel



---------------  S Y S T E M  ---------------

OS:
 Windows 11 , 64 bit Build 22621 (10.0.22621.1344)
OS uptime: 0 days 2:33 hours

CPU: total 8 (initial active 8) (4 cores per cpu, 2 threads per core) family 6 model 126 stepping 5 microcode 0xb0, cx8, cmov, fxsr, ht, mmx, 3dnowpref, sse, sse2, sse3, ssse3, sse4.1, sse4.2, popcnt, lzcnt, tsc, tscinvbit, avx, avx2, aes, erms, clmul, bmi1, bmi2, adx, avx512f, avx512dq, avx512cd, avx512bw, avx512vl, sha, fma, vzeroupper, avx512_vpopcntdq, avx512_vpclmulqdq, avx512_vaes, avx512_vnni, clflush, clflushopt, avx512_vbmi2, avx512_vbmi

Memory: 4k page, system-wide physical 7778M (930M free)
TotalPageFile size 9826M (AvailPageFile size 57M)
current process WorkingSet (physical memory assigned to process): 11M, peak: 11M
current process commit charge ("private bytes"): 60M, peak: 182M

vm_info: Java HotSpot(TM) 64-Bit Server VM (17.0.6+9-LTS-190) for windows-amd64 JRE (17.0.6+9-LTS-190), built on Dec  6 2022 15:53:54 by "mach5one" with MS VC++ 17.1 (VS2022)

END.
